2026-05-13T16:25:24.365-03:00  INFO 13208 --- [e_commerce] [main] c.e.controller.ProductControllerTest     : Starting ProductControllerTest using Java 21.0.6 with PID 13208 (started by hugo_ in C:\Users\hugo_\IdeaProjects_JAVA_TODO\PORTAFOLIO_Proyecto_2\e_commerce)
2026-05-13T16:25:24.369-03:00  INFO 13208 --- [e_commerce] [main] c.e.controller.ProductControllerTest     : No active profile set, falling back to 1 default profile: "default"
2026-05-13T16:25:26.056-03:00  WARN 13208 --- [e_commerce] [main] .s.s.UserDetailsServiceAutoConfiguration : 

Using generated security password: 1c92d946-2d77-4b9c-995f-05a3c623fb2d

This generated password is for development use only. Your security configuration must be updated before running your application in production.

2026-05-13T16:25:26.071-03:00  INFO 13208 --- [e_commerce] [main] r$InitializeUserDetailsManagerConfigurer : Global AuthenticationManager configured with UserDetailsService bean with name inMemoryUserDetailsManager
2026-05-13T16:25:26.284-03:00  INFO 13208 --- [e_commerce] [main] o.s.b.t.m.w.SpringBootMockServletContext : Initializing Spring TestDispatcherServlet ''
2026-05-13T16:25:26.284-03:00  INFO 13208 --- [e_commerce] [main] o.s.t.web.servlet.TestDispatcherServlet  : Initializing Servlet ''
2026-05-13T16:25:26.286-03:00  INFO 13208 --- [e_commerce] [main] o.s.t.web.servlet.TestDispatcherServlet  : Completed initialization in 2 ms
2026-05-13T16:25:26.321-03:00  INFO 13208 --- [e_commerce] [main] c.e.controller.ProductControllerTest     : Started ProductControllerTest in 2.691 seconds (process running for 4.784)
2026-05-13T16:29:35.252-03:00  INFO 4196 --- [e_commerce] [main] c.e.controller.ProductControllerTest     : Starting ProductControllerTest using Java 21.0.6 with PID 4196 (started by hugo_ in C:\Users\hugo_\IdeaProjects_JAVA_TODO\PORTAFOLIO_Proyecto_2\e_commerce)
2026-05-13T16:29:35.253-03:00  INFO 4196 --- [e_commerce] [main] c.e.controller.ProductControllerTest     : No active profile set, falling back to 1 default profile: "default"
2026-05-13T16:29:37.446-03:00  WARN 4196 --- [e_commerce] [main] .s.s.UserDetailsServiceAutoConfiguration : 

Using generated security password: 874370d5-e681-44ad-8b20-f4e904f987ff

This generated password is for development use only. Your security configuration must be updated before running your application in production.

2026-05-13T16:29:37.456-03:00  INFO 4196 --- [e_commerce] [main] r$InitializeUserDetailsManagerConfigurer : Global AuthenticationManager configured with UserDetailsService bean with name inMemoryUserDetailsManager
2026-05-13T16:29:37.610-03:00  INFO 4196 --- [e_commerce] [main] o.s.b.t.m.w.SpringBootMockServletContext : Initializing Spring TestDispatcherServlet ''
2026-05-13T16:29:37.611-03:00  INFO 4196 --- [e_commerce] [main] o.s.t.web.servlet.TestDispatcherServlet  : Initializing Servlet ''
2026-05-13T16:29:37.612-03:00  INFO 4196 --- [e_commerce] [main] o.s.t.web.servlet.TestDispatcherServlet  : Completed initialization in 1 ms
2026-05-13T16:29:37.647-03:00  INFO 4196 --- [e_commerce] [main] c.e.controller.ProductControllerTest     : Started ProductControllerTest in 2.727 seconds (process running for 3.547)
2026-05-13T16:30:49.102-03:00  INFO 8680 --- [e_commerce] [main] c.e.controller.ProductControllerTest     : Starting ProductControllerTest using Java 21.0.6 with PID 8680 (started by hugo_ in C:\Users\hugo_\IdeaProjects_JAVA_TODO\PORTAFOLIO_Proyecto_2\e_commerce)
2026-05-13T16:30:49.103-03:00  INFO 8680 --- [e_commerce] [main] c.e.controller.ProductControllerTest     : No active profile set, falling back to 1 default profile: "default"
2026-05-13T16:30:51.388-03:00  WARN 8680 --- [e_commerce] [main] .s.s.UserDetailsServiceAutoConfiguration : 

Using generated security password: ca4f3f65-68ab-4660-a83a-a50b1a8bed15

This generated password is for development use only. Your security configuration must be updated before running your application in production.

2026-05-13T16:30:51.397-03:00  INFO 8680 --- [e_commerce] [main] r$InitializeUserDetailsManagerConfigurer : Global AuthenticationManager configured with UserDetailsService bean with name inMemoryUserDetailsManager
2026-05-13T16:30:51.524-03:00  INFO 8680 --- [e_commerce] [main] o.s.b.t.m.w.SpringBootMockServletContext : Initializing Spring TestDispatcherServlet ''
2026-05-13T16:30:51.525-03:00  INFO 8680 --- [e_commerce] [main] o.s.t.web.servlet.TestDispatcherServlet  : Initializing Servlet ''
2026-05-13T16:30:51.526-03:00  INFO 8680 --- [e_commerce] [main] o.s.t.web.servlet.TestDispatcherServlet  : Completed initialization in 1 ms
2026-05-13T16:30:51.558-03:00  INFO 8680 --- [e_commerce] [main] c.e.controller.ProductControllerTest     : Started ProductControllerTest in 2.792 seconds (process running for 3.624)
2026-05-13T16:33:25.553-03:00  INFO 9112 --- [e_commerce] [main] c.e.controller.ProductControllerTest     : Starting ProductControllerTest using Java 21.0.6 with PID 9112 (started by hugo_ in C:\Users\hugo_\IdeaProjects_JAVA_TODO\PORTAFOLIO_Proyecto_2\e_commerce)
2026-05-13T16:33:25.556-03:00  INFO 9112 --- [e_commerce] [main] c.e.controller.ProductControllerTest     : No active profile set, falling back to 1 default profile: "default"
2026-05-13T16:33:27.807-03:00  WARN 9112 --- [e_commerce] [main] .s.s.UserDetailsServiceAutoConfiguration : 

Using generated security password: 955e45a5-29e5-45a9-9127-2044aa91e51b

This generated password is for development use only. Your security configuration must be updated before running your application in production.

2026-05-13T16:33:27.819-03:00  INFO 9112 --- [e_commerce] [main] r$InitializeUserDetailsManagerConfigurer : Global AuthenticationManager configured with UserDetailsService bean with name inMemoryUserDetailsManager
2026-05-13T16:33:27.943-03:00  INFO 9112 --- [e_commerce] [main] o.s.b.t.m.w.SpringBootMockServletContext : Initializing Spring TestDispatcherServlet ''
2026-05-13T16:33:27.947-03:00  INFO 9112 --- [e_commerce] [main] o.s.t.web.servlet.TestDispatcherServlet  : Initializing Servlet ''
2026-05-13T16:33:27.947-03:00  INFO 9112 --- [e_commerce] [main] o.s.t.web.servlet.TestDispatcherServlet  : Completed initialization in 0 ms
2026-05-13T16:33:27.980-03:00  INFO 9112 --- [e_commerce] [main] c.e.controller.ProductControllerTest     : Started ProductControllerTest in 2.758 seconds (process running for 3.594)
2026-05-13T16:33:44.924-03:00  INFO 9060 --- [e_commerce] [main] c.e.controller.ProductControllerTest     : Starting ProductControllerTest using Java 21.0.6 with PID 9060 (started by hugo_ in C:\Users\hugo_\IdeaProjects_JAVA_TODO\PORTAFOLIO_Proyecto_2\e_commerce)
2026-05-13T16:33:44.928-03:00  INFO 9060 --- [e_commerce] [main] c.e.controller.ProductControllerTest     : No active profile set, falling back to 1 default profile: "default"
2026-05-13T16:33:47.144-03:00  WARN 9060 --- [e_commerce] [main] .s.s.UserDetailsServiceAutoConfiguration : 

Using generated security password: 67367913-9276-46d5-8656-cbc35efdf1c2

This generated password is for development use only. Your security configuration must be updated before running your application in production.

2026-05-13T16:33:47.156-03:00  INFO 9060 --- [e_commerce] [main] r$InitializeUserDetailsManagerConfigurer : Global AuthenticationManager configured with UserDetailsService bean with name inMemoryUserDetailsManager
2026-05-13T16:33:47.300-03:00  INFO 9060 --- [e_commerce] [main] o.s.b.t.m.w.SpringBootMockServletContext : Initializing Spring TestDispatcherServlet ''
2026-05-13T16:33:47.300-03:00  INFO 9060 --- [e_commerce] [main] o.s.t.web.servlet.TestDispatcherServlet  : Initializing Servlet ''
2026-05-13T16:33:47.304-03:00  INFO 9060 --- [e_commerce] [main] o.s.t.web.servlet.TestDispatcherServlet  : Completed initialization in 4 ms
2026-05-13T16:33:47.340-03:00  INFO 9060 --- [e_commerce] [main] c.e.controller.ProductControllerTest     : Started ProductControllerTest in 2.752 seconds (process running for 3.561)
2026-05-13T16:34:33.889-03:00  INFO 10904 --- [e_commerce] [main] c.e.controller.ProductControllerTest     : Starting ProductControllerTest using Java 21.0.6 with PID 10904 (started by hugo_ in C:\Users\hugo_\IdeaProjects_JAVA_TODO\PORTAFOLIO_Proyecto_2\e_commerce)
2026-05-13T16:34:33.889-03:00  INFO 10904 --- [e_commerce] [main] c.e.controller.ProductControllerTest     : No active profile set, falling back to 1 default profile: "default"
2026-05-13T16:34:36.177-03:00  WARN 10904 --- [e_commerce] [main] .s.s.UserDetailsServiceAutoConfiguration : 

Using generated security password: e39ac29c-c32b-4fa6-96b6-5bb9189ccd98

This generated password is for development use only. Your security configuration must be updated before running your application in production.

2026-05-13T16:34:36.195-03:00  INFO 10904 --- [e_commerce] [main] r$InitializeUserDetailsManagerConfigurer : Global AuthenticationManager configured with UserDetailsService bean with name inMemoryUserDetailsManager
2026-05-13T16:34:36.351-03:00  INFO 10904 --- [e_commerce] [main] o.s.b.t.m.w.SpringBootMockServletContext : Initializing Spring TestDispatcherServlet ''
2026-05-13T16:34:36.351-03:00  INFO 10904 --- [e_commerce] [main] o.s.t.web.servlet.TestDispatcherServlet  : Initializing Servlet ''
2026-05-13T16:34:36.352-03:00  INFO 10904 --- [e_commerce] [main] o.s.t.web.servlet.TestDispatcherServlet  : Completed initialization in 1 ms
2026-05-13T16:34:36.389-03:00  INFO 10904 --- [e_commerce] [main] c.e.controller.ProductControllerTest     : Started ProductControllerTest in 2.835 seconds (process running for 3.655)
2026-05-13T16:38:06.932-03:00  INFO 10104 --- [e_commerce] [main] c.e.controller.ProductControllerTest     : Starting ProductControllerTest using Java 21.0.6 with PID 10104 (started by hugo_ in C:\Users\hugo_\IdeaProjects_JAVA_TODO\PORTAFOLIO_Proyecto_2\e_commerce)
2026-05-13T16:38:06.933-03:00  INFO 10104 --- [e_commerce] [main] c.e.controller.ProductControllerTest     : No active profile set, falling back to 1 default profile: "default"
2026-05-13T16:38:09.234-03:00  WARN 10104 --- [e_commerce] [main] .s.s.UserDetailsServiceAutoConfiguration : 

Using generated security password: 2d228175-72e7-4d20-8603-12baee1e1de7

This generated password is for development use only. Your security configuration must be updated before running your application in production.

2026-05-13T16:38:09.243-03:00  INFO 10104 --- [e_commerce] [main] r$InitializeUserDetailsManagerConfigurer : Global AuthenticationManager configured with UserDetailsService bean with name inMemoryUserDetailsManager
2026-05-13T16:38:09.372-03:00  INFO 10104 --- [e_commerce] [main] o.s.b.t.m.w.SpringBootMockServletContext : Initializing Spring TestDispatcherServlet ''
2026-05-13T16:38:09.372-03:00  INFO 10104 --- [e_commerce] [main] o.s.t.web.servlet.TestDispatcherServlet  : Initializing Servlet ''
2026-05-13T16:38:09.374-03:00  INFO 10104 --- [e_commerce] [main] o.s.t.web.servlet.TestDispatcherServlet  : Completed initialization in 1 ms
2026-05-13T16:38:09.403-03:00  INFO 10104 --- [e_commerce] [main] c.e.controller.ProductControllerTest     : Started ProductControllerTest in 2.809 seconds (process running for 3.641)
2026-05-13T16:57:20.875-03:00  INFO 2764 --- [e_commerce] [main] c.e.controller.ProductControllerTest     : Starting ProductControllerTest using Java 21.0.6 with PID 2764 (started by hugo_ in C:\Users\hugo_\IdeaProjects_JAVA_TODO\PORTAFOLIO_Proyecto_2\e_commerce)
2026-05-13T16:57:20.877-03:00  INFO 2764 --- [e_commerce] [main] c.e.controller.ProductControllerTest     : No active profile set, falling back to 1 default profile: "default"
2026-05-13T16:57:23.146-03:00  WARN 2764 --- [e_commerce] [main] .s.s.UserDetailsServiceAutoConfiguration : 

Using generated security password: 36fb9cef-afad-424e-b4cf-98877bd2f1f3

This generated password is for development use only. Your security configuration must be updated before running your application in production.

2026-05-13T16:57:23.155-03:00  INFO 2764 --- [e_commerce] [main] r$InitializeUserDetailsManagerConfigurer : Global AuthenticationManager configured with UserDetailsService bean with name inMemoryUserDetailsManager
2026-05-13T16:57:23.289-03:00  INFO 2764 --- [e_commerce] [main] o.s.b.t.m.w.SpringBootMockServletContext : Initializing Spring TestDispatcherServlet ''
2026-05-13T16:57:23.291-03:00  INFO 2764 --- [e_commerce] [main] o.s.t.web.servlet.TestDispatcherServlet  : Initializing Servlet ''
2026-05-13T16:57:23.292-03:00  INFO 2764 --- [e_commerce] [main] o.s.t.web.servlet.TestDispatcherServlet  : Completed initialization in 1 ms
2026-05-13T16:57:23.327-03:00  INFO 2764 --- [e_commerce] [main] c.e.controller.ProductControllerTest     : Started ProductControllerTest in 2.794 seconds (process running for 3.64)
2026-05-13T17:00:14.141-03:00  INFO 11192 --- [e_commerce] [main] c.e.controller.ProductControllerTest     : Starting ProductControllerTest using Java 21.0.6 with PID 11192 (started by hugo_ in C:\Users\hugo_\IdeaProjects_JAVA_TODO\PORTAFOLIO_Proyecto_2\e_commerce)
2026-05-13T17:00:14.143-03:00  INFO 11192 --- [e_commerce] [main] c.e.controller.ProductControllerTest     : No active profile set, falling back to 1 default profile: "default"
2026-05-13T17:00:16.396-03:00  WARN 11192 --- [e_commerce] [main] .s.s.UserDetailsServiceAutoConfiguration : 

Using generated security password: c551ff03-f9ab-4c73-b6bf-83d06181c25f

This generated password is for development use only. Your security configuration must be updated before running your application in production.

2026-05-13T17:00:16.415-03:00  INFO 11192 --- [e_commerce] [main] r$InitializeUserDetailsManagerConfigurer : Global AuthenticationManager configured with UserDetailsService bean with name inMemoryUserDetailsManager
2026-05-13T17:00:16.569-03:00  INFO 11192 --- [e_commerce] [main] o.s.b.t.m.w.SpringBootMockServletContext : Initializing Spring TestDispatcherServlet ''
2026-05-13T17:00:16.569-03:00  INFO 11192 --- [e_commerce] [main] o.s.t.web.servlet.TestDispatcherServlet  : Initializing Servlet ''
2026-05-13T17:00:16.573-03:00  INFO 11192 --- [e_commerce] [main] o.s.t.web.servlet.TestDispatcherServlet  : Completed initialization in 4 ms
2026-05-13T17:00:16.620-03:00  INFO 11192 --- [e_commerce] [main] c.e.controller.ProductControllerTest     : Started ProductControllerTest in 2.815 seconds (process running for 3.634)
2026-05-13T17:02:54.210-03:00  INFO 7768 --- [e_commerce] [main] c.e.controller.ProductControllerTest     : Starting ProductControllerTest using Java 21.0.6 with PID 7768 (started by hugo_ in C:\Users\hugo_\IdeaProjects_JAVA_TODO\PORTAFOLIO_Proyecto_2\e_commerce)
2026-05-13T17:02:54.210-03:00  INFO 7768 --- [e_commerce] [main] c.e.controller.ProductControllerTest     : No active profile set, falling back to 1 default profile: "default"
2026-05-13T17:02:56.523-03:00  WARN 7768 --- [e_commerce] [main] .s.s.UserDetailsServiceAutoConfiguration : 

Using generated security password: 0c701c64-fd95-450c-84f0-0ae0c001abde

This generated password is for development use only. Your security configuration must be updated before running your application in production.

2026-05-13T17:02:56.531-03:00  INFO 7768 --- [e_commerce] [main] r$InitializeUserDetailsManagerConfigurer : Global AuthenticationManager configured with UserDetailsService bean with name inMemoryUserDetailsManager
2026-05-13T17:02:56.661-03:00  INFO 7768 --- [e_commerce] [main] o.s.b.t.m.w.SpringBootMockServletContext : Initializing Spring TestDispatcherServlet ''
2026-05-13T17:02:56.661-03:00  INFO 7768 --- [e_commerce] [main] o.s.t.web.servlet.TestDispatcherServlet  : Initializing Servlet ''
2026-05-13T17:02:56.661-03:00  INFO 7768 --- [e_commerce] [main] o.s.t.web.servlet.TestDispatcherServlet  : Completed initialization in 0 ms
2026-05-13T17:02:56.691-03:00  INFO 7768 --- [e_commerce] [main] c.e.controller.ProductControllerTest     : Started ProductControllerTest in 2.818 seconds (process running for 3.648)
2026-05-13T17:42:40.068-03:00  INFO 2828 --- [e_commerce] [main] c.e.controller.ProductControllerTest     : Starting ProductControllerTest using Java 21.0.6 with PID 2828 (started by hugo_ in C:\Users\hugo_\IdeaProjects_JAVA_TODO\PORTAFOLIO_Proyecto_2\e_commerce)
2026-05-13T17:42:40.069-03:00  INFO 2828 --- [e_commerce] [main] c.e.controller.ProductControllerTest     : No active profile set, falling back to 1 default profile: "default"
2026-05-13T17:42:42.339-03:00  WARN 2828 --- [e_commerce] [main] .s.s.UserDetailsServiceAutoConfiguration : 

Using generated security password: cd7d3d3c-a965-4938-a56b-6d127139a05c

This generated password is for development use only. Your security configuration must be updated before running your application in production.

2026-05-13T17:42:42.360-03:00  INFO 2828 --- [e_commerce] [main] r$InitializeUserDetailsManagerConfigurer : Global AuthenticationManager configured with UserDetailsService bean with name inMemoryUserDetailsManager
2026-05-13T17:42:42.599-03:00  INFO 2828 --- [e_commerce] [main] o.s.b.t.m.w.SpringBootMockServletContext : Initializing Spring TestDispatcherServlet ''
2026-05-13T17:42:42.599-03:00  INFO 2828 --- [e_commerce] [main] o.s.t.web.servlet.TestDispatcherServlet  : Initializing Servlet ''
2026-05-13T17:42:42.601-03:00  INFO 2828 --- [e_commerce] [main] o.s.t.web.servlet.TestDispatcherServlet  : Completed initialization in 0 ms
2026-05-13T17:42:42.643-03:00  INFO 2828 --- [e_commerce] [main] c.e.controller.ProductControllerTest     : Started ProductControllerTest in 2.915 seconds (process running for 3.766)
2026-05-13T17:43:32.247-03:00  INFO 14048 --- [e_commerce] [main] c.e.controller.ProductControllerTest     : Starting ProductControllerTest using Java 21.0.6 with PID 14048 (started by hugo_ in C:\Users\hugo_\IdeaProjects_JAVA_TODO\PORTAFOLIO_Proyecto_2\e_commerce)
2026-05-13T17:43:32.247-03:00  INFO 14048 --- [e_commerce] [main] c.e.controller.ProductControllerTest     : No active profile set, falling back to 1 default profile: "default"
2026-05-13T17:43:34.581-03:00  WARN 14048 --- [e_commerce] [main] .s.s.UserDetailsServiceAutoConfiguration : 

Using generated security password: d487fd76-4bf4-41a5-80af-bf93a8ba21d9

This generated password is for development use only. Your security configuration must be updated before running your application in production.

2026-05-13T17:43:34.593-03:00  INFO 14048 --- [e_commerce] [main] r$InitializeUserDetailsManagerConfigurer : Global AuthenticationManager configured with UserDetailsService bean with name inMemoryUserDetailsManager
2026-05-13T17:43:34.725-03:00  INFO 14048 --- [e_commerce] [main] o.s.b.t.m.w.SpringBootMockServletContext : Initializing Spring TestDispatcherServlet ''
2026-05-13T17:43:34.725-03:00  INFO 14048 --- [e_commerce] [main] o.s.t.web.servlet.TestDispatcherServlet  : Initializing Servlet ''
2026-05-13T17:43:34.725-03:00  INFO 14048 --- [e_commerce] [main] o.s.t.web.servlet.TestDispatcherServlet  : Completed initialization in 0 ms
2026-05-13T17:43:34.753-03:00  INFO 14048 --- [e_commerce] [main] c.e.controller.ProductControllerTest     : Started ProductControllerTest in 2.854 seconds (process running for 3.694)
2026-05-13T17:44:52.861-03:00  INFO 13888 --- [e_commerce] [main] c.e.controller.ProductControllerTest     : Starting ProductControllerTest using Java 21.0.6 with PID 13888 (started by hugo_ in C:\Users\hugo_\IdeaProjects_JAVA_TODO\PORTAFOLIO_Proyecto_2\e_commerce)
2026-05-13T17:44:52.862-03:00  INFO 13888 --- [e_commerce] [main] c.e.controller.ProductControllerTest     : No active profile set, falling back to 1 default profile: "default"
2026-05-13T17:44:55.057-03:00  WARN 13888 --- [e_commerce] [main] .s.s.UserDetailsServiceAutoConfiguration : 

Using generated security password: 8b47d52d-3380-4e33-9184-7c0cfb3bf6e9

This generated password is for development use only. Your security configuration must be updated before running your application in production.

2026-05-13T17:44:55.065-03:00  INFO 13888 --- [e_commerce] [main] r$InitializeUserDetailsManagerConfigurer : Global AuthenticationManager configured with UserDetailsService bean with name inMemoryUserDetailsManager
2026-05-13T17:44:55.187-03:00  INFO 13888 --- [e_commerce] [main] o.s.b.t.m.w.SpringBootMockServletContext : Initializing Spring TestDispatcherServlet ''
2026-05-13T17:44:55.188-03:00  INFO 13888 --- [e_commerce] [main] o.s.t.web.servlet.TestDispatcherServlet  : Initializing Servlet ''
2026-05-13T17:44:55.189-03:00  INFO 13888 --- [e_commerce] [main] o.s.t.web.servlet.TestDispatcherServlet  : Completed initialization in 1 ms
2026-05-13T17:44:55.217-03:00  INFO 13888 --- [e_commerce] [main] c.e.controller.ProductControllerTest     : Started ProductControllerTest in 2.704 seconds (process running for 3.537)
2026-05-13T17:44:55.456-03:00  WARN 13888 --- [e_commerce] [main] c.e.exception.GlobalExceptionHandler     : Recurso no encontrado: Product '99' not found.
